1554294174709	mozrunner::runner	INFO	Running command: "/usr/bin/firefox" "-marionette" "-foreground" "-no-remote" "-profile" "/tmp/rust_mozprofile.CLFUy7HBCF9Q"
1554294180090	addons.webextension.screenshots@mozilla.org	WARN	Loading extension 'screenshots@mozilla.org': Reading manifest: Invalid extension permission: mozillaAddons
1554294180090	addons.webextension.screenshots@mozilla.org	WARN	Loading extension 'screenshots@mozilla.org': Reading manifest: Invalid extension permission: resource://pdf.js/
1554294180091	addons.webextension.screenshots@mozilla.org	WARN	Loading extension 'screenshots@mozilla.org': Reading manifest: Invalid extension permission: about:reader*
1554294186575	Marionette	INFO	Listening on port 44159
1554294186653	Marionette	WARN	TLS certificate errors will be ignored for this session
Exiting due to channel error.
Exiting due to channel error.
Exiting due to channel error.
1554294227378	mozrunner::runner	INFO	Running command: "/usr/bin/firefox" "-marionette" "-foreground" "-no-remote" "-profile" "/tmp/rust_mozprofile.grimiDrGA1Pr"
1554294227805	addons.webextension.screenshots@mozilla.org	WARN	Loading extension 'screenshots@mozilla.org': Reading manifest: Invalid extension permission: mozillaAddons
1554294227806	addons.webextension.screenshots@mozilla.org	WARN	Loading extension 'screenshots@mozilla.org': Reading manifest: Invalid extension permission: resource://pdf.js/
1554294227806	addons.webextension.screenshots@mozilla.org	WARN	Loading extension 'screenshots@mozilla.org': Reading manifest: Invalid extension permission: about:reader*
1554294230170	Marionette	INFO	Listening on port 39263
1554294230199	Marionette	WARN	TLS certificate errors will be ignored for this session
console.error: BroadcastService: 
  receivedBroadcastMessage: handler for
  remote-settings/monitor_changes
  threw error:
  Message: Error: Polling for changes failed: NetworkError when attempting to fetch resource..
  Stack:
    remoteSettingsFunction/remoteSettings.pollChanges@resource://services-settings/remote-settings.js:190:13

1554294296640	Marionette	INFO	Stopped listening on port 39263
[Parent 8552, Gecko_IOThread] WARNING: pipe error (64): Connection reset by peer: file /build/firefox-QFhmDU/firefox-66.0.2+build1/ipc/chromium/src/chrome/common/ipc_channel_posix.cc, line 357
[Parent 8552, Gecko_IOThread] WARNING: pipe error (78): Connection reset by peer: file /build/firefox-QFhmDU/firefox-66.0.2+build1/ipc/chromium/src/chrome/common/ipc_channel_posix.cc, line 357
1554294827956	mozrunner::runner	INFO	Running command: "/usr/bin/firefox" "-marionette" "-foreground" "-no-remote" "-profile" "/tmp/rust_mozprofile.sEA7gDMMPrJ6"
1554294829220	addons.webextension.screenshots@mozilla.org	WARN	Loading extension 'screenshots@mozilla.org': Reading manifest: Invalid extension permission: mozillaAddons
1554294829221	addons.webextension.screenshots@mozilla.org	WARN	Loading extension 'screenshots@mozilla.org': Reading manifest: Invalid extension permission: resource://pdf.js/
1554294829221	addons.webextension.screenshots@mozilla.org	WARN	Loading extension 'screenshots@mozilla.org': Reading manifest: Invalid extension permission: about:reader*
1554294835711	Marionette	INFO	Listening on port 41771
1554294835782	Marionette	WARN	TLS certificate errors will be ignored for this session
console.error: BroadcastService: 
  receivedBroadcastMessage: handler for
  remote-settings/monitor_changes
  threw error:
  Message: Error: Polling for changes failed: NetworkError when attempting to fetch resource..
  Stack:
    remoteSettingsFunction/remoteSettings.pollChanges@resource://services-settings/remote-settings.js:190:13

1554294879217	Marionette	INFO	Stopped listening on port 41771
1554294977933	mozrunner::runner	INFO	Running command: "/usr/bin/firefox" "-marionette" "-foreground" "-no-remote" "-profile" "/tmp/rust_mozprofile.zHwR20BAf6ho"
1554294979071	addons.webextension.screenshots@mozilla.org	WARN	Loading extension 'screenshots@mozilla.org': Reading manifest: Invalid extension permission: mozillaAddons
1554294979072	addons.webextension.screenshots@mozilla.org	WARN	Loading extension 'screenshots@mozilla.org': Reading manifest: Invalid extension permission: resource://pdf.js/
1554294979072	addons.webextension.screenshots@mozilla.org	WARN	Loading extension 'screenshots@mozilla.org': Reading manifest: Invalid extension permission: about:reader*
1554294982911	Marionette	INFO	Listening on port 39949
1554294982953	Marionette	WARN	TLS certificate errors will be ignored for this session
console.error: BroadcastService: 
  receivedBroadcastMessage: handler for
  remote-settings/monitor_changes
  threw error:
  Message: Error: Polling for changes failed: NetworkError when attempting to fetch resource..
  Stack:
    remoteSettingsFunction/remoteSettings.pollChanges@resource://services-settings/remote-settings.js:190:13

1554295085652	Marionette	INFO	Stopped listening on port 39949
[Parent 10536, Gecko_IOThread] WARNING: pipe error (78): Connection reset by peer: file /build/firefox-QFhmDU/firefox-66.0.2+build1/ipc/chromium/src/chrome/common/ipc_channel_posix.cc, line 357
1554295324271	mozrunner::runner	INFO	Running command: "/usr/bin/firefox" "-marionette" "-foreground" "-no-remote" "-profile" "/tmp/rust_mozprofile.7lft27XaMzD9"
1554295326277	addons.webextension.screenshots@mozilla.org	WARN	Loading extension 'screenshots@mozilla.org': Reading manifest: Invalid extension permission: mozillaAddons
1554295326278	addons.webextension.screenshots@mozilla.org	WARN	Loading extension 'screenshots@mozilla.org': Reading manifest: Invalid extension permission: resource://pdf.js/
1554295326278	addons.webextension.screenshots@mozilla.org	WARN	Loading extension 'screenshots@mozilla.org': Reading manifest: Invalid extension permission: about:reader*
1554295329524	Marionette	INFO	Listening on port 46455
1554295329684	Marionette	WARN	TLS certificate errors will be ignored for this session
console.error: BroadcastService: 
  receivedBroadcastMessage: handler for
  remote-settings/monitor_changes
  threw error:
  Message: Error: Polling for changes failed: NetworkError when attempting to fetch resource..
  Stack:
    remoteSettingsFunction/remoteSettings.pollChanges@resource://services-settings/remote-settings.js:190:13

1554295407529	mozrunner::runner	INFO	Running command: "/usr/bin/firefox" "-marionette" "-foreground" "-no-remote" "-profile" "/tmp/rust_mozprofile.bdDxtHo2CBGw"
1554295408011	addons.webextension.screenshots@mozilla.org	WARN	Loading extension 'screenshots@mozilla.org': Reading manifest: Invalid extension permission: mozillaAddons
1554295408011	addons.webextension.screenshots@mozilla.org	WARN	Loading extension 'screenshots@mozilla.org': Reading manifest: Invalid extension permission: resource://pdf.js/
1554295408011	addons.webextension.screenshots@mozilla.org	WARN	Loading extension 'screenshots@mozilla.org': Reading manifest: Invalid extension permission: about:reader*
1554295410845	Marionette	INFO	Listening on port 46273
1554295410952	Marionette	WARN	TLS certificate errors will be ignored for this session
console.error: BroadcastService: 
  receivedBroadcastMessage: handler for
  remote-settings/monitor_changes
  threw error:
  Message: Error: Polling for changes failed: NetworkError when attempting to fetch resource..
  Stack:
    remoteSettingsFunction/remoteSettings.pollChanges@resource://services-settings/remote-settings.js:190:13

1554295514393	Marionette	INFO	Stopped listening on port 46273
console.error: "Error while calling actor 'pagestyle's method 'getLayout'" "node is null"
console.error: "Error: Can not send request because front 'domnode' is already destroyed.: generateRequestMethods/</frontProto[name]@resource://devtools/shared/protocol.js:1522:15\nupdateSelectionCssSelector@resource://devtools/client/inspector/inspector.js:1226:7\nonNewSelection@resource://devtools/client/inspector/inspector.js:1291:5\nemit@resource://devtools/shared/event-emitter.js:186:15\nemit@resource://devtools/shared/event-emitter.js:267:5\nsetNodeFront@resource://devtools/client/framework/selection.js:153:5\nonDetached@resource://devtools/client/inspector/inspector.js:1364:5\nemit@resource://devtools/shared/event-emitter.js:186:15\nemit@resource://devtools/shared/event-emitter.js:267:5\n_onMutations@resource://devtools/client/framework/selection.js:105:7\nemit@resource://devtools/shared/event-emitter.js:186:15\nemit@resource://devtools/shared/event-emitter.js:267:5\ngetMutations/<@resource://devtools/shared/fronts/inspector.js:402:7\n"
Error: Can not send request because front 'domnode' is already destroyed.: generateRequestMethods/</frontProto[name]@resource://devtools/shared/protocol.js:1522:15
updateSelectionCssSelector@resource://devtools/client/inspector/inspector.js:1226:7
onNewSelection@resource://devtools/client/inspector/inspector.js:1291:5
emit@resource://devtools/shared/event-emitter.js:186:15
emit@resource://devtools/shared/event-emitter.js:267:5
setNodeFront@resource://devtools/client/framework/selection.js:153:5
onDetached@resource://devtools/client/inspector/inspector.js:1364:5
emit@resource://devtools/shared/event-emitter.js:186:15
emit@resource://devtools/shared/event-emitter.js:267:5
_onMutations@resource://devtools/client/framework/selection.js:105:7
emit@resource://devtools/shared/event-emitter.js:186:15
emit@resource://devtools/shared/event-emitter.js:267:5
getMutations/<@resource://devtools/shared/fronts/inspector.js:402:7

console.error: "getLayout@resource://devtools/server/actors/styles.js:814:5\nhandler@resource://devtools/shared/protocol.js:1206:21\nonPacket@resource://devtools/server/main.js:1286:15\nreceiveMessage@resource://devtools/shared/transport/child-transport.js:66:5\n"
console.error: "TypeError: parent is null: canMutationImpactCurrentStyles@resource://devtools/client/inspector/shared/style-change-tracker.js:65:13\nonMutations@resource://devtools/client/inspector/shared/style-change-tracker.js:82:11\nemit@resource://devtools/shared/event-emitter.js:186:15\nemit@resource://devtools/shared/event-emitter.js:267:5\ngetMutations/<@resource://devtools/shared/fronts/inspector.js:402:7\n"
TypeError: parent is null: canMutationImpactCurrentStyles@resource://devtools/client/inspector/shared/style-change-tracker.js:65:13
onMutations@resource://devtools/client/inspector/shared/style-change-tracker.js:82:11
emit@resource://devtools/shared/event-emitter.js:186:15
emit@resource://devtools/shared/event-emitter.js:267:5
getMutations/<@resource://devtools/shared/fronts/inspector.js:402:7

console.error: "Protocol error (unknownError): node is null"
console.error: "TypeError: parent is null: canMutationImpactCurrentStyles@resource://devtools/client/inspector/shared/style-change-tracker.js:65:13\nonMutations@resource://devtools/client/inspector/shared/style-change-tracker.js:82:11\nemit@resource://devtools/shared/event-emitter.js:186:15\nemit@resource://devtools/shared/event-emitter.js:267:5\ngetMutations/<@resource://devtools/shared/fronts/inspector.js:402:7\n"
TypeError: parent is null: canMutationImpactCurrentStyles@resource://devtools/client/inspector/shared/style-change-tracker.js:65:13
onMutations@resource://devtools/client/inspector/shared/style-change-tracker.js:82:11
emit@resource://devtools/shared/event-emitter.js:186:15
emit@resource://devtools/shared/event-emitter.js:267:5
getMutations/<@resource://devtools/shared/fronts/inspector.js:402:7

console.error: "TypeError: parent is null: canMutationImpactCurrentStyles@resource://devtools/client/inspector/shared/style-change-tracker.js:65:13\nonMutations@resource://devtools/client/inspector/shared/style-change-tracker.js:82:11\nemit@resource://devtools/shared/event-emitter.js:186:15\nemit@resource://devtools/shared/event-emitter.js:267:5\ngetMutations/<@resource://devtools/shared/fronts/inspector.js:402:7\n"
TypeError: parent is null: canMutationImpactCurrentStyles@resource://devtools/client/inspector/shared/style-change-tracker.js:65:13
onMutations@resource://devtools/client/inspector/shared/style-change-tracker.js:82:11
emit@resource://devtools/shared/event-emitter.js:186:15
emit@resource://devtools/shared/event-emitter.js:267:5
getMutations/<@resource://devtools/shared/fronts/inspector.js:402:7

console.error: "Error while calling actor 'pagestyle's method 'getLayout'" "node is null"
console.error: "getLayout@resource://devtools/server/actors/styles.js:814:5\nhandler@resource://devtools/shared/protocol.js:1206:21\nonPacket@resource://devtools/server/main.js:1286:15\nreceiveMessage@resource://devtools/shared/transport/child-transport.js:66:5\n"
console.error: "Error: Can not send request because front 'domnode' is already destroyed.: generateRequestMethods/</frontProto[name]@resource://devtools/shared/protocol.js:1522:15\nupdateSelectionCssSelector@resource://devtools/client/inspector/inspector.js:1226:7\nonNewSelection@resource://devtools/client/inspector/inspector.js:1291:5\nemit@resource://devtools/shared/event-emitter.js:186:15\nemit@resource://devtools/shared/event-emitter.js:267:5\nsetNodeFront@resource://devtools/client/framework/selection.js:153:5\nonDetached@resource://devtools/client/inspector/inspector.js:1364:5\nemit@resource://devtools/shared/event-emitter.js:186:15\nemit@resource://devtools/shared/event-emitter.js:267:5\n_onMutations@resource://devtools/client/framework/selection.js:105:7\nemit@resource://devtools/shared/event-emitter.js:186:15\nemit@resource://devtools/shared/event-emitter.js:267:5\ngetMutations/<@resource://devtools/shared/fronts/inspector.js:402:7\n"
Error: Can not send request because front 'domnode' is already destroyed.: generateRequestMethods/</frontProto[name]@resource://devtools/shared/protocol.js:1522:15
updateSelectionCssSelector@resource://devtools/client/inspector/inspector.js:1226:7
onNewSelection@resource://devtools/client/inspector/inspector.js:1291:5
emit@resource://devtools/shared/event-emitter.js:186:15
emit@resource://devtools/shared/event-emitter.js:267:5
setNodeFront@resource://devtools/client/framework/selection.js:153:5
onDetached@resource://devtools/client/inspector/inspector.js:1364:5
emit@resource://devtools/shared/event-emitter.js:186:15
emit@resource://devtools/shared/event-emitter.js:267:5
_onMutations@resource://devtools/client/framework/selection.js:105:7
emit@resource://devtools/shared/event-emitter.js:186:15
emit@resource://devtools/shared/event-emitter.js:267:5
getMutations/<@resource://devtools/shared/fronts/inspector.js:402:7

console.error: "TypeError: parent is null: canMutationImpactCurrentStyles@resource://devtools/client/inspector/shared/style-change-tracker.js:65:13\nonMutations@resource://devtools/client/inspector/shared/style-change-tracker.js:82:11\nemit@resource://devtools/shared/event-emitter.js:186:15\nemit@resource://devtools/shared/event-emitter.js:267:5\ngetMutations/<@resource://devtools/shared/fronts/inspector.js:402:7\n"
TypeError: parent is null: canMutationImpactCurrentStyles@resource://devtools/client/inspector/shared/style-change-tracker.js:65:13
onMutations@resource://devtools/client/inspector/shared/style-change-tracker.js:82:11
emit@resource://devtools/shared/event-emitter.js:186:15
emit@resource://devtools/shared/event-emitter.js:267:5
getMutations/<@resource://devtools/shared/fronts/inspector.js:402:7

console.error: "Protocol error (unknownError): node is null"
JavaScript warning: resource://devtools/client/shared/demangle.js, line 0: Successfully compiled asm.js code (total compilation time 118ms)
1554296224074	mozrunner::runner	INFO	Running command: "/usr/bin/firefox" "-marionette" "-foreground" "-no-remote" "-profile" "/tmp/rust_mozprofile.ZTflLXzhFOD5"
1554296229014	addons.webextension.screenshots@mozilla.org	WARN	Loading extension 'screenshots@mozilla.org': Reading manifest: Invalid extension permission: mozillaAddons
1554296229015	addons.webextension.screenshots@mozilla.org	WARN	Loading extension 'screenshots@mozilla.org': Reading manifest: Invalid extension permission: resource://pdf.js/
1554296229015	addons.webextension.screenshots@mozilla.org	WARN	Loading extension 'screenshots@mozilla.org': Reading manifest: Invalid extension permission: about:reader*
1554296237056	Marionette	INFO	Listening on port 35687
1554296237160	Marionette	WARN	TLS certificate errors will be ignored for this session
1554296345198	Marionette	INFO	Stopped listening on port 35687
WARNING: At least one completion condition is taking too long to complete. Conditions: [{"name":"Places Connection shutdown","state":{"progress":{}},"filename":"/build/firefox-QFhmDU/firefox-66.0.2+build1/toolkit/components/places/Database.cpp","lineNumber":503,"stack":["jar:file:///usr/lib/firefox/omni.ja!/components/nsAsyncShutdown.js:addBlocker:152","resource://gre/modules/PlacesUtils.jsm:null:1800","resource://gre/modules/XPCOMUtils.jsm:get:129","resource://gre/modules/PlacesUtils.jsm:getFolderContents:1168","jar:file:///usr/lib/firefox/browser/omni.ja!/components/nsBrowserGlue.js:getToolbarFolderCount:2188","jar:file:///usr/lib/firefox/browser/omni.ja!/components/nsBrowserGlue.js:_maybeToggleBookmarkToolbarVisibility:2194","jar:file:///usr/lib/firefox/browser/omni.ja!/components/nsBrowserGlue.js:BG__migrateUI:2218","jar:file:///usr/lib/firefox/browser/omni.ja!/components/nsBrowserGlue.js:BG__beforeUIStartup:1028","jar:file:///usr/lib/firefox/browser/omni.ja!/components/nsBrowserGlue.js:BG_observe:716"]}] Barrier: profile-before-change
console.error: (new Error("Connection closed, pending request to server1.conn0.child1/memoryActor9, type detach failed\n\nRequest stack:\nrequest@resource://devtools/shared/protocol.js:1415:14\ngenerateRequestMethods/</frontProto[name]@resource://devtools/shared/protocol.js:1539:14\ndestroy@resource://devtools/client/memory/panel.js:59:11\n_destroyToolbox@resource://devtools/client/framework/toolbox.js:2891:26\ndestroy@resource://devtools/client/framework/toolbox.js:2836:23\n_forgetBrowserWindow@resource://devtools/client/framework/devtools-browser.js:703:9\nhandleEvent@resource://devtools/client/framework/devtools-browser.js:724:9\n", "resource://devtools/shared/protocol.js", 1328))
Exiting due to channel error.
Exiting due to channel error.
Exiting due to channel error.
Exiting due to channel error.
Exiting due to channel error.
1554718385006	mozrunner::runner	INFO	Running command: "/usr/bin/firefox" "-marionette" "-foreground" "-no-remote" "-profile" "/tmp/rust_mozprofile.CWZY6AfNHfF9"
1554718391493	addons.webextension.screenshots@mozilla.org	WARN	Loading extension 'screenshots@mozilla.org': Reading manifest: Invalid extension permission: mozillaAddons
1554718391493	addons.webextension.screenshots@mozilla.org	WARN	Loading extension 'screenshots@mozilla.org': Reading manifest: Invalid extension permission: resource://pdf.js/
1554718391493	addons.webextension.screenshots@mozilla.org	WARN	Loading extension 'screenshots@mozilla.org': Reading manifest: Invalid extension permission: about:reader*
1554718399905	Marionette	INFO	Listening on port 37467
1554718399985	Marionette	WARN	TLS certificate errors will be ignored for this session
console.error: BroadcastService: 
  receivedBroadcastMessage: handler for
  remote-settings/monitor_changes
  threw error:
  Message: Error: Polling for changes failed: NetworkError when attempting to fetch resource..
  Stack:
    remoteSettingsFunction/remoteSettings.pollChanges@resource://services-settings/remote-settings.js:190:13

1554718505453	Marionette	INFO	Stopped listening on port 37467
1554718714943	mozrunner::runner	INFO	Running command: "/usr/bin/firefox" "-marionette" "-foreground" "-no-remote" "-profile" "/tmp/rust_mozprofile.vyd0sUMbJuB0"
1554718717694	addons.webextension.screenshots@mozilla.org	WARN	Loading extension 'screenshots@mozilla.org': Reading manifest: Invalid extension permission: mozillaAddons
1554718717694	addons.webextension.screenshots@mozilla.org	WARN	Loading extension 'screenshots@mozilla.org': Reading manifest: Invalid extension permission: resource://pdf.js/
1554718717694	addons.webextension.screenshots@mozilla.org	WARN	Loading extension 'screenshots@mozilla.org': Reading manifest: Invalid extension permission: about:reader*
1554718721278	Marionette	INFO	Listening on port 42645
1554718721423	Marionette	WARN	TLS certificate errors will be ignored for this session
console.error: BroadcastService: 
  receivedBroadcastMessage: handler for
  remote-settings/monitor_changes
  threw error:
  Message: Error: Polling for changes failed: NetworkError when attempting to fetch resource..
  Stack:
    remoteSettingsFunction/remoteSettings.pollChanges@resource://services-settings/remote-settings.js:190:13

1554718756005	Marionette	INFO	Stopped listening on port 42645
[Parent 17684, Gecko_IOThread] WARNING: pipe error (78): Connection reset by peer: file /build/firefox-QFhmDU/firefox-66.0.2+build1/ipc/chromium/src/chrome/common/ipc_channel_posix.cc, line 357
1554719758736	mozrunner::runner	INFO	Running command: "/usr/bin/firefox" "-marionette" "-foreground" "-no-remote" "-profile" "/tmp/rust_mozprofile.nw8kcqhueCQ1"
1554719760380	addons.webextension.screenshots@mozilla.org	WARN	Loading extension 'screenshots@mozilla.org': Reading manifest: Invalid extension permission: mozillaAddons
1554719760380	addons.webextension.screenshots@mozilla.org	WARN	Loading extension 'screenshots@mozilla.org': Reading manifest: Invalid extension permission: resource://pdf.js/
1554719760381	addons.webextension.screenshots@mozilla.org	WARN	Loading extension 'screenshots@mozilla.org': Reading manifest: Invalid extension permission: about:reader*
1554719764048	Marionette	INFO	Listening on port 38983
1554719764374	Marionette	WARN	TLS certificate errors will be ignored for this session
console.error: BroadcastService: 
  receivedBroadcastMessage: handler for
  remote-settings/monitor_changes
  threw error:
  Message: Error: Polling for changes failed: NetworkError when attempting to fetch resource..
  Stack:
    remoteSettingsFunction/remoteSettings.pollChanges@resource://services-settings/remote-settings.js:190:13

1554719802649	Marionette	INFO	Stopped listening on port 38983
[Child 19725, Chrome_ChildThread] WARNING: pipe error: Broken pipe: file /build/firefox-QFhmDU/firefox-66.0.2+build1/ipc/chromium/src/chrome/common/ipc_channel_posix.cc, line 726
[Child 19725, Chrome_ChildThread] WARNING: pipe error: Broken pipe: file /build/firefox-QFhmDU/firefox-66.0.2+build1/ipc/chromium/src/chrome/common/ipc_channel_posix.cc, line 726
1554719917380	mozrunner::runner	INFO	Running command: "/usr/bin/firefox" "-marionette" "-foreground" "-no-remote" "-profile" "/tmp/rust_mozprofile.21PWcZFW5xJr"
1554719919207	addons.webextension.screenshots@mozilla.org	WARN	Loading extension 'screenshots@mozilla.org': Reading manifest: Invalid extension permission: mozillaAddons
1554719919207	addons.webextension.screenshots@mozilla.org	WARN	Loading extension 'screenshots@mozilla.org': Reading manifest: Invalid extension permission: resource://pdf.js/
1554719919207	addons.webextension.screenshots@mozilla.org	WARN	Loading extension 'screenshots@mozilla.org': Reading manifest: Invalid extension permission: about:reader*
1554719922816	Marionette	INFO	Listening on port 46039
1554719922893	Marionette	WARN	TLS certificate errors will be ignored for this session
console.error: BroadcastService: 
  receivedBroadcastMessage: handler for
  remote-settings/monitor_changes
  threw error:
  Message: Error: Polling for changes failed: NetworkError when attempting to fetch resource..
  Stack:
    remoteSettingsFunction/remoteSettings.pollChanges@resource://services-settings/remote-settings.js:190:13

1554719959865	Marionette	INFO	Stopped listening on port 46039
[Parent 20126, Gecko_IOThread] WARNING: pipe error (78): Connection reset by peer: file /build/firefox-QFhmDU/firefox-66.0.2+build1/ipc/chromium/src/chrome/common/ipc_channel_posix.cc, line 357
1554724685456	mozrunner::runner	INFO	Running command: "/usr/bin/firefox" "-marionette" "-foreground" "-no-remote" "-profile" "/tmp/rust_mozprofile.bRmJZ9X00C5n"
1554724685941	addons.webextension.screenshots@mozilla.org	WARN	Loading extension 'screenshots@mozilla.org': Reading manifest: Invalid extension permission: mozillaAddons
1554724685942	addons.webextension.screenshots@mozilla.org	WARN	Loading extension 'screenshots@mozilla.org': Reading manifest: Invalid extension permission: resource://pdf.js/
1554724685942	addons.webextension.screenshots@mozilla.org	WARN	Loading extension 'screenshots@mozilla.org': Reading manifest: Invalid extension permission: about:reader*
1554724688849	Marionette	INFO	Listening on port 40179
1554724688872	Marionette	WARN	TLS certificate errors will be ignored for this session
console.error: BroadcastService: 
  receivedBroadcastMessage: handler for
  remote-settings/monitor_changes
  threw error:
  Message: Error: Polling for changes failed: NetworkError when attempting to fetch resource..
  Stack:
    remoteSettingsFunction/remoteSettings.pollChanges@resource://services-settings/remote-settings.js:190:13

1554724722747	Marionette	INFO	Stopped listening on port 40179
[Parent 15651, Gecko_IOThread] WARNING: pipe error (78): Connection reset by peer: file /build/firefox-QFhmDU/firefox-66.0.2+build1/ipc/chromium/src/chrome/common/ipc_channel_posix.cc, line 357
1554725633918	mozrunner::runner	INFO	Running command: "/usr/bin/firefox" "-marionette" "-foreground" "-no-remote" "-profile" "/tmp/rust_mozprofile.mH5HkOGvk0A4"
1554725634430	addons.webextension.screenshots@mozilla.org	WARN	Loading extension 'screenshots@mozilla.org': Reading manifest: Invalid extension permission: mozillaAddons
1554725634430	addons.webextension.screenshots@mozilla.org	WARN	Loading extension 'screenshots@mozilla.org': Reading manifest: Invalid extension permission: resource://pdf.js/
1554725634430	addons.webextension.screenshots@mozilla.org	WARN	Loading extension 'screenshots@mozilla.org': Reading manifest: Invalid extension permission: about:reader*
1554725637314	Marionette	INFO	Listening on port 43253
1554725637329	Marionette	WARN	TLS certificate errors will be ignored for this session
console.error: BroadcastService: 
  receivedBroadcastMessage: handler for
  remote-settings/monitor_changes
  threw error:
  Message: Error: Polling for changes failed: NetworkError when attempting to fetch resource..
  Stack:
    remoteSettingsFunction/remoteSettings.pollChanges@resource://services-settings/remote-settings.js:190:13

1554725670812	Marionette	INFO	Stopped listening on port 43253
1554725951362	mozrunner::runner	INFO	Running command: "/usr/bin/firefox" "-marionette" "-foreground" "-no-remote" "-profile" "/tmp/rust_mozprofile.FuufrJmgp9zo"
1554725951852	addons.webextension.screenshots@mozilla.org	WARN	Loading extension 'screenshots@mozilla.org': Reading manifest: Invalid extension permission: mozillaAddons
1554725951853	addons.webextension.screenshots@mozilla.org	WARN	Loading extension 'screenshots@mozilla.org': Reading manifest: Invalid extension permission: resource://pdf.js/
1554725951853	addons.webextension.screenshots@mozilla.org	WARN	Loading extension 'screenshots@mozilla.org': Reading manifest: Invalid extension permission: about:reader*
1554725954790	Marionette	INFO	Listening on port 40899
1554725954874	Marionette	WARN	TLS certificate errors will be ignored for this session
console.error: BroadcastService: 
  receivedBroadcastMessage: handler for
  remote-settings/monitor_changes
  threw error:
  Message: Error: Polling for changes failed: NetworkError when attempting to fetch resource..
  Stack:
    remoteSettingsFunction/remoteSettings.pollChanges@resource://services-settings/remote-settings.js:190:13

1554725989525	Marionette	INFO	Stopped listening on port 40899
[Parent 29305, Gecko_IOThread] WARNING: pipe error (78): Connection reset by peer: file /build/firefox-QFhmDU/firefox-66.0.2+build1/ipc/chromium/src/chrome/common/ipc_channel_posix.cc, line 357
1554726042497	mozrunner::runner	INFO	Running command: "/usr/bin/firefox" "-marionette" "-foreground" "-no-remote" "-profile" "/tmp/rust_mozprofile.OsuvOLCwG5oS"
1554726042987	addons.webextension.screenshots@mozilla.org	WARN	Loading extension 'screenshots@mozilla.org': Reading manifest: Invalid extension permission: mozillaAddons
1554726042988	addons.webextension.screenshots@mozilla.org	WARN	Loading extension 'screenshots@mozilla.org': Reading manifest: Invalid extension permission: resource://pdf.js/
1554726042988	addons.webextension.screenshots@mozilla.org	WARN	Loading extension 'screenshots@mozilla.org': Reading manifest: Invalid extension permission: about:reader*
1554726045423	Marionette	INFO	Listening on port 46339
1554726045520	Marionette	WARN	TLS certificate errors will be ignored for this session
console.error: BroadcastService: 
  receivedBroadcastMessage: handler for
  remote-settings/monitor_changes
  threw error:
  Message: Error: Polling for changes failed: NetworkError when attempting to fetch resource..
  Stack:
    remoteSettingsFunction/remoteSettings.pollChanges@resource://services-settings/remote-settings.js:190:13

1554726078940	Marionette	INFO	Stopped listening on port 46339
1554726219598	mozrunner::runner	INFO	Running command: "/usr/bin/firefox" "-marionette" "-foreground" "-no-remote" "-profile" "/tmp/rust_mozprofile.YHCcJfDkiseI"
1554726220060	addons.webextension.screenshots@mozilla.org	WARN	Loading extension 'screenshots@mozilla.org': Reading manifest: Invalid extension permission: mozillaAddons
1554726220061	addons.webextension.screenshots@mozilla.org	WARN	Loading extension 'screenshots@mozilla.org': Reading manifest: Invalid extension permission: resource://pdf.js/
1554726220061	addons.webextension.screenshots@mozilla.org	WARN	Loading extension 'screenshots@mozilla.org': Reading manifest: Invalid extension permission: about:reader*
1554726223041	Marionette	INFO	Listening on port 32769
1554726223161	Marionette	WARN	TLS certificate errors will be ignored for this session
console.error: BroadcastService: 
  receivedBroadcastMessage: handler for
  remote-settings/monitor_changes
  threw error:
  Message: Error: Polling for changes failed: NetworkError when attempting to fetch resource..
  Stack:
    remoteSettingsFunction/remoteSettings.pollChanges@resource://services-settings/remote-settings.js:190:13

1554726256832	Marionette	INFO	Stopped listening on port 32769
1554726462779	mozrunner::runner	INFO	Running command: "/usr/bin/firefox" "-marionette" "-foreground" "-no-remote" "-profile" "/tmp/rust_mozprofile.bpXLVeZzEy2r"
1554726463259	addons.webextension.screenshots@mozilla.org	WARN	Loading extension 'screenshots@mozilla.org': Reading manifest: Invalid extension permission: mozillaAddons
1554726463259	addons.webextension.screenshots@mozilla.org	WARN	Loading extension 'screenshots@mozilla.org': Reading manifest: Invalid extension permission: resource://pdf.js/
1554726463259	addons.webextension.screenshots@mozilla.org	WARN	Loading extension 'screenshots@mozilla.org': Reading manifest: Invalid extension permission: about:reader*
1554726465675	Marionette	INFO	Listening on port 46543
1554726465693	Marionette	WARN	TLS certificate errors will be ignored for this session
console.error: BroadcastService: 
  receivedBroadcastMessage: handler for
  remote-settings/monitor_changes
  threw error:
  Message: Error: Polling for changes failed: NetworkError when attempting to fetch resource..
  Stack:
    remoteSettingsFunction/remoteSettings.pollChanges@resource://services-settings/remote-settings.js:190:13

1554726499216	Marionette	INFO	Stopped listening on port 46543

###!!! [Parent][MessageChannel] Error: (msgtype=0x1B0011,name=PBackgroundStorage::Msg_Observe) Channel error: cannot send/recv

1554726640532	mozrunner::runner	INFO	Running command: "/usr/bin/firefox" "-marionette" "-foreground" "-no-remote" "-profile" "/tmp/rust_mozprofile.xZMrtQxTsnov"
1554726641011	addons.webextension.screenshots@mozilla.org	WARN	Loading extension 'screenshots@mozilla.org': Reading manifest: Invalid extension permission: mozillaAddons
1554726641012	addons.webextension.screenshots@mozilla.org	WARN	Loading extension 'screenshots@mozilla.org': Reading manifest: Invalid extension permission: resource://pdf.js/
1554726641012	addons.webextension.screenshots@mozilla.org	WARN	Loading extension 'screenshots@mozilla.org': Reading manifest: Invalid extension permission: about:reader*
1554726643774	Marionette	INFO	Listening on port 45225
1554726643871	Marionette	WARN	TLS certificate errors will be ignored for this session
console.error: BroadcastService: 
  receivedBroadcastMessage: handler for
  remote-settings/monitor_changes
  threw error:
  Message: Error: Polling for changes failed: NetworkError when attempting to fetch resource..
  Stack:
    remoteSettingsFunction/remoteSettings.pollChanges@resource://services-settings/remote-settings.js:190:13

1554726677292	Marionette	INFO	Stopped listening on port 45225
[Parent 5314, Gecko_IOThread] WARNING: pipe error (78): Connection reset by peer: file /build/firefox-QFhmDU/firefox-66.0.2+build1/ipc/chromium/src/chrome/common/ipc_channel_posix.cc, line 357
1554726819969	mozrunner::runner	INFO	Running command: "/usr/bin/firefox" "-marionette" "-foreground" "-no-remote" "-profile" "/tmp/rust_mozprofile.eS4W1eCxbLFe"
Running Firefox as root in a regular user's session is not supported.  ($HOME is /home/sinergia which is owned by sinergia.)
1554726959544	mozrunner::runner	INFO	Running command: "/usr/bin/firefox" "-marionette" "-foreground" "-no-remote" "-profile" "/tmp/rust_mozprofile.Iw0UJTsz0FQP"
1554726960051	addons.webextension.screenshots@mozilla.org	WARN	Loading extension 'screenshots@mozilla.org': Reading manifest: Invalid extension permission: mozillaAddons
1554726960051	addons.webextension.screenshots@mozilla.org	WARN	Loading extension 'screenshots@mozilla.org': Reading manifest: Invalid extension permission: resource://pdf.js/
1554726960051	addons.webextension.screenshots@mozilla.org	WARN	Loading extension 'screenshots@mozilla.org': Reading manifest: Invalid extension permission: about:reader*
1554726962882	Marionette	INFO	Listening on port 34045
1554726962982	Marionette	WARN	TLS certificate errors will be ignored for this session
console.error: BroadcastService: 
  receivedBroadcastMessage: handler for
  remote-settings/monitor_changes
  threw error:
  Message: Error: Polling for changes failed: NetworkError when attempting to fetch resource..
  Stack:
    remoteSettingsFunction/remoteSettings.pollChanges@resource://services-settings/remote-settings.js:190:13

1554726996339	Marionette	INFO	Stopped listening on port 34045
1554731774980	mozrunner::runner	INFO	Running command: "/usr/bin/firefox" "-marionette" "-foreground" "-no-remote" "-profile" "/tmp/rust_mozprofile.s6IvdlG63n2g"
1554731775467	addons.webextension.screenshots@mozilla.org	WARN	Loading extension 'screenshots@mozilla.org': Reading manifest: Invalid extension permission: mozillaAddons
1554731775468	addons.webextension.screenshots@mozilla.org	WARN	Loading extension 'screenshots@mozilla.org': Reading manifest: Invalid extension permission: resource://pdf.js/
1554731775468	addons.webextension.screenshots@mozilla.org	WARN	Loading extension 'screenshots@mozilla.org': Reading manifest: Invalid extension permission: about:reader*
1554731778743	Marionette	INFO	Listening on port 33313
1554731778838	Marionette	WARN	TLS certificate errors will be ignored for this session
console.error: BroadcastService: 
  receivedBroadcastMessage: handler for
  remote-settings/monitor_changes
  threw error:
  Message: Error: Polling for changes failed: NetworkError when attempting to fetch resource..
  Stack:
    remoteSettingsFunction/remoteSettings.pollChanges@resource://services-settings/remote-settings.js:190:13

1554731812593	Marionette	INFO	Stopped listening on port 33313
[Parent 6639, Gecko_IOThread] WARNING: pipe error (78): Connection reset by peer: file /build/firefox-QFhmDU/firefox-66.0.2+build1/ipc/chromium/src/chrome/common/ipc_channel_posix.cc, line 357
1554732249556	mozrunner::runner	INFO	Running command: "/usr/bin/firefox" "-marionette" "-foreground" "-no-remote" "-profile" "/tmp/rust_mozprofile.OSfhejywgAiq"
1554732250014	addons.webextension.screenshots@mozilla.org	WARN	Loading extension 'screenshots@mozilla.org': Reading manifest: Invalid extension permission: mozillaAddons
1554732250015	addons.webextension.screenshots@mozilla.org	WARN	Loading extension 'screenshots@mozilla.org': Reading manifest: Invalid extension permission: resource://pdf.js/
1554732250015	addons.webextension.screenshots@mozilla.org	WARN	Loading extension 'screenshots@mozilla.org': Reading manifest: Invalid extension permission: about:reader*
1554732253205	Marionette	INFO	Listening on port 35727
1554732253317	Marionette	WARN	TLS certificate errors will be ignored for this session
console.error: BroadcastService: 
  receivedBroadcastMessage: handler for
  remote-settings/monitor_changes
  threw error:
  Message: Error: Polling for changes failed: NetworkError when attempting to fetch resource..
  Stack:
    remoteSettingsFunction/remoteSettings.pollChanges@resource://services-settings/remote-settings.js:190:13

1554732286694	Marionette	INFO	Stopped listening on port 35727
[Parent 7999, Gecko_IOThread] WARNING: pipe error (78): Connection reset by peer: file /build/firefox-QFhmDU/firefox-66.0.2+build1/ipc/chromium/src/chrome/common/ipc_channel_posix.cc, line 357
1554788167689	mozrunner::runner	INFO	Running command: "/usr/bin/firefox" "-marionette" "-foreground" "-no-remote" "-profile" "/tmp/rust_mozprofile.o1aVWdFRn0wG"
1554788174198	addons.webextension.screenshots@mozilla.org	WARN	Loading extension 'screenshots@mozilla.org': Reading manifest: Invalid extension permission: mozillaAddons
1554788174199	addons.webextension.screenshots@mozilla.org	WARN	Loading extension 'screenshots@mozilla.org': Reading manifest: Invalid extension permission: resource://pdf.js/
1554788174199	addons.webextension.screenshots@mozilla.org	WARN	Loading extension 'screenshots@mozilla.org': Reading manifest: Invalid extension permission: about:reader*
1554788181097	Marionette	INFO	Listening on port 45955
1554788181232	Marionette	WARN	TLS certificate errors will be ignored for this session
console.error: BroadcastService: 
  receivedBroadcastMessage: handler for
  remote-settings/monitor_changes
  threw error:
  Message: Error: Polling for changes failed: NetworkError when attempting to fetch resource..
  Stack:
    remoteSettingsFunction/remoteSettings.pollChanges@resource://services-settings/remote-settings.js:190:13

1554788215022	Marionette	INFO	Stopped listening on port 45955
[Parent 28573, Gecko_IOThread] WARNING: pipe error (61): Connection reset by peer: file /build/firefox-QFhmDU/firefox-66.0.2+build1/ipc/chromium/src/chrome/common/ipc_channel_posix.cc, line 357
1554788873212	mozrunner::runner	INFO	Running command: "/usr/bin/firefox" "-marionette" "-foreground" "-no-remote" "-profile" "/tmp/rust_mozprofile.TVBnQG6MeWw7"
1554788873652	addons.webextension.screenshots@mozilla.org	WARN	Loading extension 'screenshots@mozilla.org': Reading manifest: Invalid extension permission: mozillaAddons
1554788873653	addons.webextension.screenshots@mozilla.org	WARN	Loading extension 'screenshots@mozilla.org': Reading manifest: Invalid extension permission: resource://pdf.js/
1554788873653	addons.webextension.screenshots@mozilla.org	WARN	Loading extension 'screenshots@mozilla.org': Reading manifest: Invalid extension permission: about:reader*
1554788876693	Marionette	INFO	Listening on port 46753
1554788876721	Marionette	WARN	TLS certificate errors will be ignored for this session
console.error: BroadcastService: 
  receivedBroadcastMessage: handler for
  remote-settings/monitor_changes
  threw error:
  Message: Error: Polling for changes failed: NetworkError when attempting to fetch resource..
  Stack:
    remoteSettingsFunction/remoteSettings.pollChanges@resource://services-settings/remote-settings.js:190:13

1554788911179	Marionette	INFO	Stopped listening on port 46753
[Parent 29905, Gecko_IOThread] WARNING: pipe error (78): Connection reset by peer: file /build/firefox-QFhmDU/firefox-66.0.2+build1/ipc/chromium/src/chrome/common/ipc_channel_posix.cc, line 357
1554789083299	mozrunner::runner	INFO	Running command: "/usr/bin/firefox" "-marionette" "-foreground" "-no-remote" "-profile" "/tmp/rust_mozprofile.2Hk2jigB4ztK"
1554789083779	addons.webextension.screenshots@mozilla.org	WARN	Loading extension 'screenshots@mozilla.org': Reading manifest: Invalid extension permission: mozillaAddons
1554789083780	addons.webextension.screenshots@mozilla.org	WARN	Loading extension 'screenshots@mozilla.org': Reading manifest: Invalid extension permission: resource://pdf.js/
1554789083780	addons.webextension.screenshots@mozilla.org	WARN	Loading extension 'screenshots@mozilla.org': Reading manifest: Invalid extension permission: about:reader*
1554789087029	Marionette	INFO	Listening on port 36839
1554789087110	Marionette	WARN	TLS certificate errors will be ignored for this session
console.error: BroadcastService: 
  receivedBroadcastMessage: handler for
  remote-settings/monitor_changes
  threw error:
  Message: Error: Polling for changes failed: NetworkError when attempting to fetch resource..
  Stack:
    remoteSettingsFunction/remoteSettings.pollChanges@resource://services-settings/remote-settings.js:190:13

1554789120831	Marionette	INFO	Stopped listening on port 36839
[Parent 30503, Gecko_IOThread] WARNING: pipe error (78): Connection reset by peer: file /build/firefox-QFhmDU/firefox-66.0.2+build1/ipc/chromium/src/chrome/common/ipc_channel_posix.cc, line 357
1554789342254	mozrunner::runner	INFO	Running command: "/usr/bin/firefox" "-marionette" "-foreground" "-no-remote" "-profile" "/tmp/rust_mozprofile.iIllunccG4Pt"
1554789342716	addons.webextension.screenshots@mozilla.org	WARN	Loading extension 'screenshots@mozilla.org': Reading manifest: Invalid extension permission: mozillaAddons
1554789342716	addons.webextension.screenshots@mozilla.org	WARN	Loading extension 'screenshots@mozilla.org': Reading manifest: Invalid extension permission: resource://pdf.js/
1554789342716	addons.webextension.screenshots@mozilla.org	WARN	Loading extension 'screenshots@mozilla.org': Reading manifest: Invalid extension permission: about:reader*
1554789345798	Marionette	INFO	Listening on port 38073
1554789345897	Marionette	WARN	TLS certificate errors will be ignored for this session
console.error: BroadcastService: 
  receivedBroadcastMessage: handler for
  remote-settings/monitor_changes
  threw error:
  Message: Error: Polling for changes failed: NetworkError when attempting to fetch resource..
  Stack:
    remoteSettingsFunction/remoteSettings.pollChanges@resource://services-settings/remote-settings.js:190:13

1554789379397	Marionette	INFO	Stopped listening on port 38073
[Parent 31526, Gecko_IOThread] WARNING: pipe error (78): Connection reset by peer: file /build/firefox-QFhmDU/firefox-66.0.2+build1/ipc/chromium/src/chrome/common/ipc_channel_posix.cc, line 357
1554789402885	mozrunner::runner	INFO	Running command: "/usr/bin/firefox" "-marionette" "-foreground" "-no-remote" "-profile" "/tmp/rust_mozprofile.DAVEenb8Qdo5"
1554789403402	addons.webextension.screenshots@mozilla.org	WARN	Loading extension 'screenshots@mozilla.org': Reading manifest: Invalid extension permission: mozillaAddons
1554789403402	addons.webextension.screenshots@mozilla.org	WARN	Loading extension 'screenshots@mozilla.org': Reading manifest: Invalid extension permission: resource://pdf.js/
1554789403402	addons.webextension.screenshots@mozilla.org	WARN	Loading extension 'screenshots@mozilla.org': Reading manifest: Invalid extension permission: about:reader*
1554789406562	Marionette	INFO	Listening on port 37589
1554789406600	Marionette	WARN	TLS certificate errors will be ignored for this session
console.error: BroadcastService: 
  receivedBroadcastMessage: handler for
  remote-settings/monitor_changes
  threw error:
  Message: Error: Polling for changes failed: NetworkError when attempting to fetch resource..
  Stack:
    remoteSettingsFunction/remoteSettings.pollChanges@resource://services-settings/remote-settings.js:190:13

1554789440037	Marionette	INFO	Stopped listening on port 37589
[Parent 31958, Gecko_IOThread] WARNING: pipe error (78): Connection reset by peer: file /build/firefox-QFhmDU/firefox-66.0.2+build1/ipc/chromium/src/chrome/common/ipc_channel_posix.cc, line 357
1554789453646	mozrunner::runner	INFO	Running command: "/usr/bin/firefox" "-marionette" "-foreground" "-no-remote" "-profile" "/tmp/rust_mozprofile.3bxxFi8d7r5X"
1554789454148	addons.webextension.screenshots@mozilla.org	WARN	Loading extension 'screenshots@mozilla.org': Reading manifest: Invalid extension permission: mozillaAddons
1554789454148	addons.webextension.screenshots@mozilla.org	WARN	Loading extension 'screenshots@mozilla.org': Reading manifest: Invalid extension permission: resource://pdf.js/
1554789454149	addons.webextension.screenshots@mozilla.org	WARN	Loading extension 'screenshots@mozilla.org': Reading manifest: Invalid extension permission: about:reader*
1554789456970	Marionette	INFO	Listening on port 40853
1554789457064	Marionette	WARN	TLS certificate errors will be ignored for this session
console.error: BroadcastService: 
  receivedBroadcastMessage: handler for
  remote-settings/monitor_changes
  threw error:
  Message: Error: Polling for changes failed: NetworkError when attempting to fetch resource..
  Stack:
    remoteSettingsFunction/remoteSettings.pollChanges@resource://services-settings/remote-settings.js:190:13

1554789491401	Marionette	INFO	Stopped listening on port 40853
[Parent 32336, Gecko_IOThread] WARNING: pipe error (78): Connection reset by peer: file /build/firefox-QFhmDU/firefox-66.0.2+build1/ipc/chromium/src/chrome/common/ipc_channel_posix.cc, line 357
1554789624886	mozrunner::runner	INFO	Running command: "/usr/bin/firefox" "-marionette" "-foreground" "-no-remote" "-profile" "/tmp/rust_mozprofile.e0s3HmmIbIF3"
1554789625390	addons.webextension.screenshots@mozilla.org	WARN	Loading extension 'screenshots@mozilla.org': Reading manifest: Invalid extension permission: mozillaAddons
1554789625390	addons.webextension.screenshots@mozilla.org	WARN	Loading extension 'screenshots@mozilla.org': Reading manifest: Invalid extension permission: resource://pdf.js/
1554789625390	addons.webextension.screenshots@mozilla.org	WARN	Loading extension 'screenshots@mozilla.org': Reading manifest: Invalid extension permission: about:reader*
1554789628124	Marionette	INFO	Listening on port 34349
1554789628229	Marionette	WARN	TLS certificate errors will be ignored for this session
console.error: BroadcastService: 
  receivedBroadcastMessage: handler for
  remote-settings/monitor_changes
  threw error:
  Message: Error: Polling for changes failed: NetworkError when attempting to fetch resource..
  Stack:
    remoteSettingsFunction/remoteSettings.pollChanges@resource://services-settings/remote-settings.js:190:13

1554789661592	Marionette	INFO	Stopped listening on port 34349
[Parent 460, Gecko_IOThread] WARNING: pipe error (78): Connection reset by peer: file /build/firefox-QFhmDU/firefox-66.0.2+build1/ipc/chromium/src/chrome/common/ipc_channel_posix.cc, line 357
1554789900216	mozrunner::runner	INFO	Running command: "/usr/bin/firefox" "-marionette" "-foreground" "-no-remote" "-profile" "/tmp/rust_mozprofile.qSQBlEV1Srfx"
1554789901447	addons.webextension.screenshots@mozilla.org	WARN	Loading extension 'screenshots@mozilla.org': Reading manifest: Invalid extension permission: mozillaAddons
1554789901447	addons.webextension.screenshots@mozilla.org	WARN	Loading extension 'screenshots@mozilla.org': Reading manifest: Invalid extension permission: resource://pdf.js/
1554789901447	addons.webextension.screenshots@mozilla.org	WARN	Loading extension 'screenshots@mozilla.org': Reading manifest: Invalid extension permission: about:reader*
1554789904576	Marionette	INFO	Listening on port 40523
1554789904654	Marionette	WARN	TLS certificate errors will be ignored for this session
console.error: BroadcastService: 
  receivedBroadcastMessage: handler for
  remote-settings/monitor_changes
  threw error:
  Message: Error: Polling for changes failed: NetworkError when attempting to fetch resource..
  Stack:
    remoteSettingsFunction/remoteSettings.pollChanges@resource://services-settings/remote-settings.js:190:13

1554789938041	Marionette	INFO	Stopped listening on port 40523
[Parent 2034, Gecko_IOThread] WARNING: pipe error (70): Connection reset by peer: file /build/firefox-QFhmDU/firefox-66.0.2+build1/ipc/chromium/src/chrome/common/ipc_channel_posix.cc, line 357
1554790095849	mozrunner::runner	INFO	Running command: "/usr/bin/firefox" "-marionette" "-foreground" "-no-remote" "-profile" "/tmp/rust_mozprofile.WArkkmW8Zmk2"
1554790096301	addons.webextension.screenshots@mozilla.org	WARN	Loading extension 'screenshots@mozilla.org': Reading manifest: Invalid extension permission: mozillaAddons
1554790096301	addons.webextension.screenshots@mozilla.org	WARN	Loading extension 'screenshots@mozilla.org': Reading manifest: Invalid extension permission: resource://pdf.js/
1554790096301	addons.webextension.screenshots@mozilla.org	WARN	Loading extension 'screenshots@mozilla.org': Reading manifest: Invalid extension permission: about:reader*
1554790098786	Marionette	INFO	Listening on port 33949
1554790098881	Marionette	WARN	TLS certificate errors will be ignored for this session
console.error: BroadcastService: 
  receivedBroadcastMessage: handler for
  remote-settings/monitor_changes
  threw error:
  Message: Error: Polling for changes failed: NetworkError when attempting to fetch resource..
  Stack:
    remoteSettingsFunction/remoteSettings.pollChanges@resource://services-settings/remote-settings.js:190:13

1554790132171	Marionette	INFO	Stopped listening on port 33949
1554790179571	mozrunner::runner	INFO	Running command: "/usr/bin/firefox" "-marionette" "-foreground" "-no-remote" "-profile" "/tmp/rust_mozprofile.qW68tOea3a8w"
1554790180027	addons.webextension.screenshots@mozilla.org	WARN	Loading extension 'screenshots@mozilla.org': Reading manifest: Invalid extension permission: mozillaAddons
1554790180028	addons.webextension.screenshots@mozilla.org	WARN	Loading extension 'screenshots@mozilla.org': Reading manifest: Invalid extension permission: resource://pdf.js/
1554790180028	addons.webextension.screenshots@mozilla.org	WARN	Loading extension 'screenshots@mozilla.org': Reading manifest: Invalid extension permission: about:reader*
1554790182445	Marionette	INFO	Listening on port 41725
1554790182482	Marionette	WARN	TLS certificate errors will be ignored for this session
console.error: BroadcastService: 
  receivedBroadcastMessage: handler for
  remote-settings/monitor_changes
  threw error:
  Message: Error: Polling for changes failed: NetworkError when attempting to fetch resource..
  Stack:
    remoteSettingsFunction/remoteSettings.pollChanges@resource://services-settings/remote-settings.js:190:13

1554790215671	Marionette	INFO	Stopped listening on port 41725
[Parent 7184, Gecko_IOThread] WARNING: pipe error (78): Connection reset by peer: file /build/firefox-QFhmDU/firefox-66.0.2+build1/ipc/chromium/src/chrome/common/ipc_channel_posix.cc, line 357
1554790631620	mozrunner::runner	INFO	Running command: "/usr/bin/firefox" "-marionette" "-foreground" "-no-remote" "-profile" "/tmp/rust_mozprofile.50FXVsAkqXPD"
1554790632080	addons.webextension.screenshots@mozilla.org	WARN	Loading extension 'screenshots@mozilla.org': Reading manifest: Invalid extension permission: mozillaAddons
1554790632081	addons.webextension.screenshots@mozilla.org	WARN	Loading extension 'screenshots@mozilla.org': Reading manifest: Invalid extension permission: resource://pdf.js/
1554790632081	addons.webextension.screenshots@mozilla.org	WARN	Loading extension 'screenshots@mozilla.org': Reading manifest: Invalid extension permission: about:reader*
1554790634897	Marionette	INFO	Listening on port 40101
1554790634936	Marionette	WARN	TLS certificate errors will be ignored for this session
console.error: BroadcastService: 
  receivedBroadcastMessage: handler for
  remote-settings/monitor_changes
  threw error:
  Message: Error: Polling for changes failed: NetworkError when attempting to fetch resource..
  Stack:
    remoteSettingsFunction/remoteSettings.pollChanges@resource://services-settings/remote-settings.js:190:13

1554790738036	mozrunner::runner	INFO	Running command: "/usr/bin/firefox" "-marionette" "-foreground" "-no-remote" "-profile" "/tmp/rust_mozprofile.gTsMWFGdaIxf"
1554790738511	addons.webextension.screenshots@mozilla.org	WARN	Loading extension 'screenshots@mozilla.org': Reading manifest: Invalid extension permission: mozillaAddons
1554790738512	addons.webextension.screenshots@mozilla.org	WARN	Loading extension 'screenshots@mozilla.org': Reading manifest: Invalid extension permission: resource://pdf.js/
1554790738512	addons.webextension.screenshots@mozilla.org	WARN	Loading extension 'screenshots@mozilla.org': Reading manifest: Invalid extension permission: about:reader*
1554790740832	Marionette	INFO	Listening on port 40811
1554790740849	Marionette	WARN	TLS certificate errors will be ignored for this session
console.error: BroadcastService: 
  receivedBroadcastMessage: handler for
  remote-settings/monitor_changes
  threw error:
  Message: Error: Polling for changes failed: NetworkError when attempting to fetch resource..
  Stack:
    remoteSettingsFunction/remoteSettings.pollChanges@resource://services-settings/remote-settings.js:190:13

1554790774057	Marionette	INFO	Stopped listening on port 40811
[Parent 14992, Gecko_IOThread] WARNING: pipe error (78): Connection reset by peer: file /build/firefox-QFhmDU/firefox-66.0.2+build1/ipc/chromium/src/chrome/common/ipc_channel_posix.cc, line 357
1554791662671	mozrunner::runner	INFO	Running command: "/usr/bin/firefox" "-marionette" "-foreground" "-no-remote" "-profile" "/tmp/rust_mozprofile.CV2iIgtC1bXE"
1554791663136	addons.webextension.screenshots@mozilla.org	WARN	Loading extension 'screenshots@mozilla.org': Reading manifest: Invalid extension permission: mozillaAddons
1554791663136	addons.webextension.screenshots@mozilla.org	WARN	Loading extension 'screenshots@mozilla.org': Reading manifest: Invalid extension permission: resource://pdf.js/
1554791663136	addons.webextension.screenshots@mozilla.org	WARN	Loading extension 'screenshots@mozilla.org': Reading manifest: Invalid extension permission: about:reader*
1554791665409	Marionette	INFO	Listening on port 44409
1554791665506	Marionette	WARN	TLS certificate errors will be ignored for this session
console.error: BroadcastService: 
  receivedBroadcastMessage: handler for
  remote-settings/monitor_changes
  threw error:
  Message: Error: Polling for changes failed: NetworkError when attempting to fetch resource..
  Stack:
    remoteSettingsFunction/remoteSettings.pollChanges@resource://services-settings/remote-settings.js:190:13

1554792015744	mozrunner::runner	INFO	Running command: "/usr/bin/firefox" "-marionette" "-foreground" "-no-remote" "-profile" "/tmp/rust_mozprofile.YIYplLGzUtgP"
1554792016205	addons.webextension.screenshots@mozilla.org	WARN	Loading extension 'screenshots@mozilla.org': Reading manifest: Invalid extension permission: mozillaAddons
1554792016206	addons.webextension.screenshots@mozilla.org	WARN	Loading extension 'screenshots@mozilla.org': Reading manifest: Invalid extension permission: resource://pdf.js/
1554792016206	addons.webextension.screenshots@mozilla.org	WARN	Loading extension 'screenshots@mozilla.org': Reading manifest: Invalid extension permission: about:reader*
1554792018896	Marionette	INFO	Listening on port 38619
1554792018969	Marionette	WARN	TLS certificate errors will be ignored for this session
console.error: BroadcastService: 
  receivedBroadcastMessage: handler for
  remote-settings/monitor_changes
  threw error:
  Message: Error: Polling for changes failed: NetworkError when attempting to fetch resource..
  Stack:
    remoteSettingsFunction/remoteSettings.pollChanges@resource://services-settings/remote-settings.js:190:13

1554792052253	Marionette	INFO	Stopped listening on port 38619
1554792483754	mozrunner::runner	INFO	Running command: "/usr/bin/firefox" "-marionette" "-foreground" "-no-remote" "-profile" "/tmp/rust_mozprofile.DFuJU2jWVIRz"
1554792484308	addons.webextension.screenshots@mozilla.org	WARN	Loading extension 'screenshots@mozilla.org': Reading manifest: Invalid extension permission: mozillaAddons
1554792484308	addons.webextension.screenshots@mozilla.org	WARN	Loading extension 'screenshots@mozilla.org': Reading manifest: Invalid extension permission: resource://pdf.js/
1554792484308	addons.webextension.screenshots@mozilla.org	WARN	Loading extension 'screenshots@mozilla.org': Reading manifest: Invalid extension permission: about:reader*
1554792487985	Marionette	INFO	Listening on port 35239
1554792488099	Marionette	WARN	TLS certificate errors will be ignored for this session
console.error: BroadcastService: 
  receivedBroadcastMessage: handler for
  remote-settings/monitor_changes
  threw error:
  Message: Error: Polling for changes failed: NetworkError when attempting to fetch resource..
  Stack:
    remoteSettingsFunction/remoteSettings.pollChanges@resource://services-settings/remote-settings.js:190:13

1554792521408	Marionette	INFO	Stopped listening on port 35239
[Parent 27882, Gecko_IOThread] WARNING: pipe error (78): Connection reset by peer: file /build/firefox-QFhmDU/firefox-66.0.2+build1/ipc/chromium/src/chrome/common/ipc_channel_posix.cc, line 357
1554792641937	mozrunner::runner	INFO	Running command: "/usr/bin/firefox" "-marionette" "-foreground" "-no-remote" "-profile" "/tmp/rust_mozprofile.X8pauHhG5pGO"
1554792642421	addons.webextension.screenshots@mozilla.org	WARN	Loading extension 'screenshots@mozilla.org': Reading manifest: Invalid extension permission: mozillaAddons
1554792642422	addons.webextension.screenshots@mozilla.org	WARN	Loading extension 'screenshots@mozilla.org': Reading manifest: Invalid extension permission: resource://pdf.js/
1554792642422	addons.webextension.screenshots@mozilla.org	WARN	Loading extension 'screenshots@mozilla.org': Reading manifest: Invalid extension permission: about:reader*
1554792644785	Marionette	INFO	Listening on port 45455
1554792644892	Marionette	WARN	TLS certificate errors will be ignored for this session
console.error: BroadcastService: 
  receivedBroadcastMessage: handler for
  remote-settings/monitor_changes
  threw error:
  Message: Error: Polling for changes failed: NetworkError when attempting to fetch resource..
  Stack:
    remoteSettingsFunction/remoteSettings.pollChanges@resource://services-settings/remote-settings.js:190:13

1554792678440	Marionette	INFO	Stopped listening on port 45455
[Parent 28591, Gecko_IOThread] WARNING: pipe error (78): Connection reset by peer: file /build/firefox-QFhmDU/firefox-66.0.2+build1/ipc/chromium/src/chrome/common/ipc_channel_posix.cc, line 357
1554793046539	mozrunner::runner	INFO	Running command: "/usr/bin/firefox" "-marionette" "-foreground" "-no-remote" "-profile" "/tmp/rust_mozprofile.l44Ai9O2l5fd"
1554793047018	addons.webextension.screenshots@mozilla.org	WARN	Loading extension 'screenshots@mozilla.org': Reading manifest: Invalid extension permission: mozillaAddons
1554793047018	addons.webextension.screenshots@mozilla.org	WARN	Loading extension 'screenshots@mozilla.org': Reading manifest: Invalid extension permission: resource://pdf.js/
1554793047018	addons.webextension.screenshots@mozilla.org	WARN	Loading extension 'screenshots@mozilla.org': Reading manifest: Invalid extension permission: about:reader*
1554793049717	Marionette	INFO	Listening on port 44233
1554793049756	Marionette	WARN	TLS certificate errors will be ignored for this session
console.error: BroadcastService: 
  receivedBroadcastMessage: handler for
  remote-settings/monitor_changes
  threw error:
  Message: Error: Polling for changes failed: NetworkError when attempting to fetch resource..
  Stack:
    remoteSettingsFunction/remoteSettings.pollChanges@resource://services-settings/remote-settings.js:190:13

1554793082912	Marionette	INFO	Stopped listening on port 44233
[Parent 29674, Gecko_IOThread] WARNING: pipe error (78): Connection reset by peer: file /build/firefox-QFhmDU/firefox-66.0.2+build1/ipc/chromium/src/chrome/common/ipc_channel_posix.cc, line 357
1554981848143	mozrunner::runner	INFO	Running command: "/usr/bin/firefox" "-marionette" "-foreground" "-no-remote" "-profile" "/tmp/rust_mozprofile.W6kwEjIyShmG"
1554981875439	addons.webextension.screenshots@mozilla.org	WARN	Loading extension 'screenshots@mozilla.org': Reading manifest: Invalid extension permission: mozillaAddons
1554981875440	addons.webextension.screenshots@mozilla.org	WARN	Loading extension 'screenshots@mozilla.org': Reading manifest: Invalid extension permission: resource://pdf.js/
1554981875440	addons.webextension.screenshots@mozilla.org	WARN	Loading extension 'screenshots@mozilla.org': Reading manifest: Invalid extension permission: about:reader*
1554981896066	Marionette	INFO	Listening on port 38017
1554981896269	Marionette	WARN	TLS certificate errors will be ignored for this session
console.error: BroadcastService: 
  receivedBroadcastMessage: handler for
  remote-settings/monitor_changes
  threw error:
  Message: Error: Polling for changes failed: NetworkError when attempting to fetch resource..
  Stack:
    remoteSettingsFunction/remoteSettings.pollChanges@resource://services-settings/remote-settings.js:190:13

1554981930427	Marionette	INFO	Stopped listening on port 38017
[Parent 16406, Gecko_IOThread] WARNING: pipe error (83): Connection reset by peer: file /build/firefox-QFhmDU/firefox-66.0.2+build1/ipc/chromium/src/chrome/common/ipc_channel_posix.cc, line 357
1554981946790	mozrunner::runner	INFO	Running command: "/usr/bin/firefox" "-marionette" "-foreground" "-no-remote" "-profile" "/tmp/rust_mozprofile.VwF7aZti0OWa"
1554981947567	addons.webextension.screenshots@mozilla.org	WARN	Loading extension 'screenshots@mozilla.org': Reading manifest: Invalid extension permission: mozillaAddons
1554981947567	addons.webextension.screenshots@mozilla.org	WARN	Loading extension 'screenshots@mozilla.org': Reading manifest: Invalid extension permission: resource://pdf.js/
1554981947567	addons.webextension.screenshots@mozilla.org	WARN	Loading extension 'screenshots@mozilla.org': Reading manifest: Invalid extension permission: about:reader*
1554981951448	Marionette	INFO	Listening on port 34787
1554981951514	Marionette	WARN	TLS certificate errors will be ignored for this session
console.error: BroadcastService: 
  receivedBroadcastMessage: handler for
  remote-settings/monitor_changes
  threw error:
  Message: Error: Polling for changes failed: NetworkError when attempting to fetch resource..
  Stack:
    remoteSettingsFunction/remoteSettings.pollChanges@resource://services-settings/remote-settings.js:190:13

1554981983975	Marionette	INFO	Stopped listening on port 34787
[Parent 16897, Gecko_IOThread] WARNING: pipe error (78): Connection reset by peer: file /build/firefox-QFhmDU/firefox-66.0.2+build1/ipc/chromium/src/chrome/common/ipc_channel_posix.cc, line 357
